D:\1-2-3\Source\Source\RealSpace2\Debug\cl.command.1.tlog
D:\1-2-3\Source\Source\RealSpace2\Debug\CL.read.1.tlog
D:\1-2-3\Source\Source\RealSpace2\Debug\CL.write.1.tlog
D:\1-2-3\Source\Source\RealSpace2\Debug\lib.command.1.tlog
D:\1-2-3\Source\Source\RealSpace2\Debug\Lib-link.read.1.tlog
D:\1-2-3\Source\Source\RealSpace2\Debug\Lib-link.write.1.tlog
D:\1-2-3\Source\Source\RealSpace2\Debug\msxml4.tlh
D:\1-2-3\SOURCE\SOURCE\REALSPACE2\DEBUG\RANIEVENTINFO.OBJ
D:\1-2-3\SOURCE\SOURCE\REALSPACE2\DEBUG\RANIMATION.OBJ
D:\1-2-3\SOURCE\SOURCE\REALSPACE2\DEBUG\RANIMATIONFILE.OBJ
D:\1-2-3\SOURCE\SOURCE\REALSPACE2\DEBUG\RANIMATIONMGR.OBJ
D:\1-2-3\SOURCE\SOURCE\REALSPACE2\DEBUG\RANIMATIONNODE.OBJ
D:\1-2-3\SOURCE\SOURCE\REALSPACE2\DEBUG\RASTAR.OBJ
D:\1-2-3\SOURCE\SOURCE\REALSPACE2\DEBUG\RBASETEXTURE.OBJ
D:\1-2-3\SOURCE\SOURCE\REALSPACE2\DEBUG\RBOUNDARY.OBJ
D:\1-2-3\SOURCE\SOURCE\REALSPACE2\DEBUG\RBSPOBJECT.OBJ
D:\1-2-3\SOURCE\SOURCE\REALSPACE2\DEBUG\RCAMERA.OBJ
D:\1-2-3\SOURCE\SOURCE\REALSPACE2\DEBUG\RCHARCLOTH.OBJ
D:\1-2-3\SOURCE\SOURCE\REALSPACE2\DEBUG\RCLOTH.OBJ
D:\1-2-3\SOURCE\SOURCE\REALSPACE2\DEBUG\RCOLLISIONDETECTION.OBJ
D:\1-2-3\SOURCE\SOURCE\REALSPACE2\DEBUG\RCYLINDER.OBJ
D:\1-2-3\SOURCE\SOURCE\REALSPACE2\DEBUG\RDUMMYLIST.OBJ
D:\1-2-3\SOURCE\SOURCE\REALSPACE2\DEBUG\RDYNAMICLIGHT.OBJ
D:\1-2-3\SOURCE\SOURCE\REALSPACE2\DEBUG\REALSPACE2.OBJ
D:\1-2-3\SOURCE\SOURCE\REALSPACE2\DEBUG\REALSPACE2.PCH
D:\1-2-3\Source\Source\RealSpace2\Debug\RealSpace2.write.1.tlog
D:\1-2-3\SOURCE\SOURCE\REALSPACE2\DEBUG\RERROR.OBJ
D:\1-2-3\SOURCE\SOURCE\REALSPACE2\DEBUG\RFONT.OBJ
D:\1-2-3\SOURCE\SOURCE\REALSPACE2\DEBUG\RFRAMEWORK.OBJ
D:\1-2-3\SOURCE\SOURCE\REALSPACE2\DEBUG\RHALFEDGEMESH.OBJ
D:\1-2-3\SOURCE\SOURCE\REALSPACE2\DEBUG\RLENZFLARE.OBJ
D:\1-2-3\SOURCE\SOURCE\REALSPACE2\DEBUG\RLIGHTLIST.OBJ
D:\1-2-3\SOURCE\SOURCE\REALSPACE2\DEBUG\RMATERIALLIST.OBJ
D:\1-2-3\SOURCE\SOURCE\REALSPACE2\DEBUG\RMESH.OBJ
D:\1-2-3\SOURCE\SOURCE\REALSPACE2\DEBUG\RMESH_FRAME.OBJ
D:\1-2-3\SOURCE\SOURCE\REALSPACE2\DEBUG\RMESH_LOAD.OBJ
D:\1-2-3\SOURCE\SOURCE\REALSPACE2\DEBUG\RMESH_MTRL.OBJ
D:\1-2-3\SOURCE\SOURCE\REALSPACE2\DEBUG\RMESH_RENDER.OBJ
D:\1-2-3\SOURCE\SOURCE\REALSPACE2\DEBUG\RMESHMGR.OBJ
D:\1-2-3\SOURCE\SOURCE\REALSPACE2\DEBUG\RMESHNODE.OBJ
D:\1-2-3\SOURCE\SOURCE\REALSPACE2\DEBUG\RMESHNODEDATA.OBJ
D:\1-2-3\SOURCE\SOURCE\REALSPACE2\DEBUG\RMESHNODESTRINGTABLE.OBJ
D:\1-2-3\SOURCE\SOURCE\REALSPACE2\DEBUG\RMESHUTIL.OBJ
D:\1-2-3\SOURCE\SOURCE\REALSPACE2\DEBUG\RMTRL.OBJ
D:\1-2-3\SOURCE\SOURCE\REALSPACE2\DEBUG\RNAVIGATIONMESH.OBJ
D:\1-2-3\SOURCE\SOURCE\REALSPACE2\DEBUG\RNAVIGATIONNODE.OBJ
D:\1-2-3\SOURCE\SOURCE\REALSPACE2\DEBUG\ROCCLUSIONLIST.OBJ
D:\1-2-3\SOURCE\SOURCE\REALSPACE2\DEBUG\RPARTICLESYSTEM.OBJ
D:\1-2-3\SOURCE\SOURCE\REALSPACE2\DEBUG\RPVS.OBJ
D:\1-2-3\SOURCE\SOURCE\REALSPACE2\DEBUG\RROAM.OBJ
D:\1-2-3\SOURCE\SOURCE\REALSPACE2\DEBUG\RSHADERMGR.OBJ
D:\1-2-3\SOURCE\SOURCE\REALSPACE2\DEBUG\RSOLIDBSP.OBJ
D:\1-2-3\SOURCE\SOURCE\REALSPACE2\DEBUG\RSPHERE.OBJ
D:\1-2-3\SOURCE\SOURCE\REALSPACE2\DEBUG\RTOKEN.OBJ
D:\1-2-3\SOURCE\SOURCE\REALSPACE2\DEBUG\RTYPES.OBJ
D:\1-2-3\SOURCE\SOURCE\REALSPACE2\DEBUG\RVISUALMESH.OBJ
D:\1-2-3\SOURCE\SOURCE\REALSPACE2\DEBUG\RVISUALMESHMGR.OBJ
D:\1-2-3\SOURCE\SOURCE\REALSPACE2\DEBUG\RVISUALMESHUTIL.OBJ
D:\1-2-3\SOURCE\SOURCE\REALSPACE2\DEBUG\STDAFX.OBJ
D:\1-2-3\Source\Source\RealSpace2\Debug\vc100.idb
D:\1-2-3\SOURCE\SOURCE\REALSPACE2\DEBUG\VC100.PDB
D:\1-2-3\Source\Source\RealSpace2\Lib\RealSpace2.lib
D:\1-2-3\SOURCE\SOURCE\REALSPACE2\LIB\REALSPACE2D.LIB
